[2022-06-30 21:01:18,897] {processor.py:153} INFO - Started process (PID=73735) to work on /Users/danielschneider/opt/anaconda3/lib/python3.8/site-packages/airflow/example_dags/example_trigger_target_dag.py
[2022-06-30 21:01:18,898] {processor.py:641} INFO - Processing file /Users/danielschneider/opt/anaconda3/lib/python3.8/site-packages/airflow/example_dags/example_trigger_target_dag.py for tasks to queue
[2022-06-30 21:01:18,898] {logging_mixin.py:115} INFO - [2022-06-30 21:01:18,898] {dagbag.py:507} INFO - Filling up the DagBag from /Users/danielschneider/opt/anaconda3/lib/python3.8/site-packages/airflow/example_dags/example_trigger_target_dag.py
[2022-06-30 21:01:18,924] {processor.py:651} INFO - DAG(s) dict_keys(['example_trigger_target_dag']) retrieved from /Users/danielschneider/opt/anaconda3/lib/python3.8/site-packages/airflow/example_dags/example_trigger_target_dag.py
[2022-06-30 21:01:19,671] {logging_mixin.py:115} INFO - [2022-06-30 21:01:19,671] {manager.py:508} INFO - Created Permission View: can read on DAG:example_trigger_target_dag
[2022-06-30 21:01:19,677] {logging_mixin.py:115} INFO - [2022-06-30 21:01:19,677] {manager.py:508} INFO - Created Permission View: can delete on DAG:example_trigger_target_dag
[2022-06-30 21:01:19,681] {logging_mixin.py:115} INFO - [2022-06-30 21:01:19,681] {manager.py:508} INFO - Created Permission View: can edit on DAG:example_trigger_target_dag
[2022-06-30 21:01:19,681] {logging_mixin.py:115} INFO - [2022-06-30 21:01:19,681] {dag.py:2379} INFO - Sync 1 DAGs
[2022-06-30 21:01:19,687] {logging_mixin.py:115} INFO - [2022-06-30 21:01:19,687] {dag.py:2398} INFO - Creating ORM DAG for example_trigger_target_dag
[2022-06-30 21:01:19,693] {logging_mixin.py:115} INFO - [2022-06-30 21:01:19,693] {dag.py:2927} INFO - Setting next_dagrun for example_trigger_target_dag to None, run_after=None
[2022-06-30 21:01:19,703] {processor.py:161} INFO - Processing /Users/danielschneider/opt/anaconda3/lib/python3.8/site-packages/airflow/example_dags/example_trigger_target_dag.py took 0.806 seconds
[2022-06-30 21:15:06,499] {processor.py:153} INFO - Started process (PID=86655) to work on /Users/danielschneider/opt/anaconda3/lib/python3.8/site-packages/airflow/example_dags/example_trigger_target_dag.py
[2022-06-30 21:15:06,500] {processor.py:641} INFO - Processing file /Users/danielschneider/opt/anaconda3/lib/python3.8/site-packages/airflow/example_dags/example_trigger_target_dag.py for tasks to queue
[2022-06-30 21:15:06,500] {logging_mixin.py:115} INFO - [2022-06-30 21:15:06,500] {dagbag.py:507} INFO - Filling up the DagBag from /Users/danielschneider/opt/anaconda3/lib/python3.8/site-packages/airflow/example_dags/example_trigger_target_dag.py
[2022-06-30 21:15:06,524] {processor.py:651} INFO - DAG(s) dict_keys(['example_trigger_target_dag']) retrieved from /Users/danielschneider/opt/anaconda3/lib/python3.8/site-packages/airflow/example_dags/example_trigger_target_dag.py
[2022-06-30 21:15:06,957] {logging_mixin.py:115} INFO - [2022-06-30 21:15:06,957] {dag.py:2379} INFO - Sync 1 DAGs
[2022-06-30 21:15:06,961] {logging_mixin.py:115} INFO - [2022-06-30 21:15:06,961] {dag.py:2398} INFO - Creating ORM DAG for example_trigger_target_dag
[2022-06-30 21:15:06,966] {logging_mixin.py:115} INFO - [2022-06-30 21:15:06,966] {dag.py:2927} INFO - Setting next_dagrun for example_trigger_target_dag to None, run_after=None
[2022-06-30 21:15:06,977] {processor.py:161} INFO - Processing /Users/danielschneider/opt/anaconda3/lib/python3.8/site-packages/airflow/example_dags/example_trigger_target_dag.py took 0.479 seconds
[2022-06-30 21:24:39,133] {processor.py:153} INFO - Started process (PID=95611) to work on /Users/danielschneider/opt/anaconda3/lib/python3.8/site-packages/airflow/example_dags/example_trigger_target_dag.py
[2022-06-30 21:24:39,134] {processor.py:641} INFO - Processing file /Users/danielschneider/opt/anaconda3/lib/python3.8/site-packages/airflow/example_dags/example_trigger_target_dag.py for tasks to queue
[2022-06-30 21:24:39,134] {logging_mixin.py:115} INFO - [2022-06-30 21:24:39,134] {dagbag.py:507} INFO - Filling up the DagBag from /Users/danielschneider/opt/anaconda3/lib/python3.8/site-packages/airflow/example_dags/example_trigger_target_dag.py
[2022-06-30 21:24:39,156] {processor.py:651} INFO - DAG(s) dict_keys(['example_trigger_target_dag']) retrieved from /Users/danielschneider/opt/anaconda3/lib/python3.8/site-packages/airflow/example_dags/example_trigger_target_dag.py
[2022-06-30 21:24:39,197] {logging_mixin.py:115} INFO - [2022-06-30 21:24:39,197] {dag.py:2379} INFO - Sync 1 DAGs
[2022-06-30 21:24:39,206] {logging_mixin.py:115} INFO - [2022-06-30 21:24:39,206] {dag.py:2927} INFO - Setting next_dagrun for example_trigger_target_dag to None, run_after=None
[2022-06-30 21:24:39,214] {processor.py:161} INFO - Processing /Users/danielschneider/opt/anaconda3/lib/python3.8/site-packages/airflow/example_dags/example_trigger_target_dag.py took 0.081 seconds
