[2022-06-30 21:01:59,277] {processor.py:153} INFO - Started process (PID=74381) to work on /Users/danielschneider/opt/anaconda3/lib/python3.8/site-packages/airflow/example_dags/example_external_task_marker_dag.py
[2022-06-30 21:01:59,277] {processor.py:641} INFO - Processing file /Users/danielschneider/opt/anaconda3/lib/python3.8/site-packages/airflow/example_dags/example_external_task_marker_dag.py for tasks to queue
[2022-06-30 21:01:59,277] {logging_mixin.py:115} INFO - [2022-06-30 21:01:59,277] {dagbag.py:507} INFO - Filling up the DagBag from /Users/danielschneider/opt/anaconda3/lib/python3.8/site-packages/airflow/example_dags/example_external_task_marker_dag.py
[2022-06-30 21:01:59,290] {processor.py:651} INFO - DAG(s) dict_keys(['example_external_task_marker_parent', 'example_external_task_marker_child']) retrieved from /Users/danielschneider/opt/anaconda3/lib/python3.8/site-packages/airflow/example_dags/example_external_task_marker_dag.py
[2022-06-30 21:01:59,969] {logging_mixin.py:115} INFO - [2022-06-30 21:01:59,969] {manager.py:508} INFO - Created Permission View: can read on DAG:example_external_task_marker_parent
[2022-06-30 21:01:59,974] {logging_mixin.py:115} INFO - [2022-06-30 21:01:59,974] {manager.py:508} INFO - Created Permission View: can delete on DAG:example_external_task_marker_parent
[2022-06-30 21:01:59,978] {logging_mixin.py:115} INFO - [2022-06-30 21:01:59,978] {manager.py:508} INFO - Created Permission View: can edit on DAG:example_external_task_marker_parent
[2022-06-30 21:01:59,998] {logging_mixin.py:115} INFO - [2022-06-30 21:01:59,998] {manager.py:508} INFO - Created Permission View: can read on DAG:example_external_task_marker_child
[2022-06-30 21:02:00,001] {logging_mixin.py:115} INFO - [2022-06-30 21:02:00,001] {manager.py:508} INFO - Created Permission View: can delete on DAG:example_external_task_marker_child
[2022-06-30 21:02:00,004] {logging_mixin.py:115} INFO - [2022-06-30 21:02:00,004] {manager.py:508} INFO - Created Permission View: can edit on DAG:example_external_task_marker_child
[2022-06-30 21:02:00,005] {logging_mixin.py:115} INFO - [2022-06-30 21:02:00,005] {dag.py:2379} INFO - Sync 2 DAGs
[2022-06-30 21:02:00,009] {logging_mixin.py:115} INFO - [2022-06-30 21:02:00,009] {dag.py:2398} INFO - Creating ORM DAG for example_external_task_marker_child
[2022-06-30 21:02:00,009] {logging_mixin.py:115} INFO - [2022-06-30 21:02:00,009] {dag.py:2398} INFO - Creating ORM DAG for example_external_task_marker_parent
[2022-06-30 21:02:00,014] {logging_mixin.py:115} INFO - [2022-06-30 21:02:00,014] {dag.py:2927} INFO - Setting next_dagrun for example_external_task_marker_child to None, run_after=None
[2022-06-30 21:02:00,014] {logging_mixin.py:115} INFO - [2022-06-30 21:02:00,014] {dag.py:2927} INFO - Setting next_dagrun for example_external_task_marker_parent to None, run_after=None
[2022-06-30 21:02:00,022] {processor.py:161} INFO - Processing /Users/danielschneider/opt/anaconda3/lib/python3.8/site-packages/airflow/example_dags/example_external_task_marker_dag.py took 0.746 seconds
[2022-06-30 21:15:39,161] {processor.py:153} INFO - Started process (PID=87183) to work on /Users/danielschneider/opt/anaconda3/lib/python3.8/site-packages/airflow/example_dags/example_external_task_marker_dag.py
[2022-06-30 21:15:39,162] {processor.py:641} INFO - Processing file /Users/danielschneider/opt/anaconda3/lib/python3.8/site-packages/airflow/example_dags/example_external_task_marker_dag.py for tasks to queue
[2022-06-30 21:15:39,162] {logging_mixin.py:115} INFO - [2022-06-30 21:15:39,162] {dagbag.py:507} INFO - Filling up the DagBag from /Users/danielschneider/opt/anaconda3/lib/python3.8/site-packages/airflow/example_dags/example_external_task_marker_dag.py
[2022-06-30 21:15:39,172] {processor.py:651} INFO - DAG(s) dict_keys(['example_external_task_marker_parent', 'example_external_task_marker_child']) retrieved from /Users/danielschneider/opt/anaconda3/lib/python3.8/site-packages/airflow/example_dags/example_external_task_marker_dag.py
[2022-06-30 21:15:39,592] {logging_mixin.py:115} INFO - [2022-06-30 21:15:39,591] {dag.py:2379} INFO - Sync 2 DAGs
[2022-06-30 21:15:39,596] {logging_mixin.py:115} INFO - [2022-06-30 21:15:39,596] {dag.py:2398} INFO - Creating ORM DAG for example_external_task_marker_child
[2022-06-30 21:15:39,596] {logging_mixin.py:115} INFO - [2022-06-30 21:15:39,596] {dag.py:2398} INFO - Creating ORM DAG for example_external_task_marker_parent
[2022-06-30 21:15:39,601] {logging_mixin.py:115} INFO - [2022-06-30 21:15:39,601] {dag.py:2927} INFO - Setting next_dagrun for example_external_task_marker_child to None, run_after=None
[2022-06-30 21:15:39,601] {logging_mixin.py:115} INFO - [2022-06-30 21:15:39,601] {dag.py:2927} INFO - Setting next_dagrun for example_external_task_marker_parent to None, run_after=None
[2022-06-30 21:15:39,612] {processor.py:161} INFO - Processing /Users/danielschneider/opt/anaconda3/lib/python3.8/site-packages/airflow/example_dags/example_external_task_marker_dag.py took 0.452 seconds
[2022-06-30 21:25:07,795] {processor.py:153} INFO - Started process (PID=96089) to work on /Users/danielschneider/opt/anaconda3/lib/python3.8/site-packages/airflow/example_dags/example_external_task_marker_dag.py
[2022-06-30 21:25:07,796] {processor.py:641} INFO - Processing file /Users/danielschneider/opt/anaconda3/lib/python3.8/site-packages/airflow/example_dags/example_external_task_marker_dag.py for tasks to queue
[2022-06-30 21:25:07,796] {logging_mixin.py:115} INFO - [2022-06-30 21:25:07,796] {dagbag.py:507} INFO - Filling up the DagBag from /Users/danielschneider/opt/anaconda3/lib/python3.8/site-packages/airflow/example_dags/example_external_task_marker_dag.py
[2022-06-30 21:25:07,807] {processor.py:651} INFO - DAG(s) dict_keys(['example_external_task_marker_parent', 'example_external_task_marker_child']) retrieved from /Users/danielschneider/opt/anaconda3/lib/python3.8/site-packages/airflow/example_dags/example_external_task_marker_dag.py
[2022-06-30 21:25:07,862] {logging_mixin.py:115} INFO - [2022-06-30 21:25:07,862] {dag.py:2379} INFO - Sync 2 DAGs
[2022-06-30 21:25:07,872] {logging_mixin.py:115} INFO - [2022-06-30 21:25:07,871] {dag.py:2927} INFO - Setting next_dagrun for example_external_task_marker_child to None, run_after=None
[2022-06-30 21:25:07,872] {logging_mixin.py:115} INFO - [2022-06-30 21:25:07,872] {dag.py:2927} INFO - Setting next_dagrun for example_external_task_marker_parent to None, run_after=None
[2022-06-30 21:25:07,879] {processor.py:161} INFO - Processing /Users/danielschneider/opt/anaconda3/lib/python3.8/site-packages/airflow/example_dags/example_external_task_marker_dag.py took 0.085 seconds
