[2022-06-30 21:01:11,053] {processor.py:153} INFO - Started process (PID=73615) to work on /Users/danielschneider/opt/anaconda3/lib/python3.8/site-packages/airflow/example_dags/tutorial.py
[2022-06-30 21:01:11,054] {processor.py:641} INFO - Processing file /Users/danielschneider/opt/anaconda3/lib/python3.8/site-packages/airflow/example_dags/tutorial.py for tasks to queue
[2022-06-30 21:01:11,054] {logging_mixin.py:115} INFO - [2022-06-30 21:01:11,054] {dagbag.py:507} INFO - Filling up the DagBag from /Users/danielschneider/opt/anaconda3/lib/python3.8/site-packages/airflow/example_dags/tutorial.py
[2022-06-30 21:01:11,070] {processor.py:651} INFO - DAG(s) dict_keys(['tutorial']) retrieved from /Users/danielschneider/opt/anaconda3/lib/python3.8/site-packages/airflow/example_dags/tutorial.py
[2022-06-30 21:01:11,723] {logging_mixin.py:115} INFO - [2022-06-30 21:01:11,723] {manager.py:508} INFO - Created Permission View: can read on DAG:tutorial
[2022-06-30 21:01:11,728] {logging_mixin.py:115} INFO - [2022-06-30 21:01:11,727] {manager.py:508} INFO - Created Permission View: can delete on DAG:tutorial
[2022-06-30 21:01:11,731] {logging_mixin.py:115} INFO - [2022-06-30 21:01:11,731] {manager.py:508} INFO - Created Permission View: can edit on DAG:tutorial
[2022-06-30 21:01:11,732] {logging_mixin.py:115} INFO - [2022-06-30 21:01:11,731] {dag.py:2379} INFO - Sync 1 DAGs
[2022-06-30 21:01:11,737] {logging_mixin.py:115} INFO - [2022-06-30 21:01:11,737] {dag.py:2398} INFO - Creating ORM DAG for tutorial
[2022-06-30 21:01:11,742] {logging_mixin.py:115} INFO - [2022-06-30 21:01:11,742] {dag.py:2927} INFO - Setting next_dagrun for tutorial to 2022-06-30T01:01:11.742483+00:00, run_after=2022-07-01T01:01:11.742483+00:00
[2022-06-30 21:01:11,751] {processor.py:161} INFO - Processing /Users/danielschneider/opt/anaconda3/lib/python3.8/site-packages/airflow/example_dags/tutorial.py took 0.698 seconds
[2022-06-30 21:02:37,124] {processor.py:153} INFO - Started process (PID=74972) to work on /Users/danielschneider/opt/anaconda3/lib/python3.8/site-packages/airflow/example_dags/tutorial.py
[2022-06-30 21:02:37,125] {processor.py:641} INFO - Processing file /Users/danielschneider/opt/anaconda3/lib/python3.8/site-packages/airflow/example_dags/tutorial.py for tasks to queue
[2022-06-30 21:02:37,126] {logging_mixin.py:115} INFO - [2022-06-30 21:02:37,126] {dagbag.py:507} INFO - Filling up the DagBag from /Users/danielschneider/opt/anaconda3/lib/python3.8/site-packages/airflow/example_dags/tutorial.py
[2022-06-30 21:02:37,143] {processor.py:651} INFO - DAG(s) dict_keys(['tutorial']) retrieved from /Users/danielschneider/opt/anaconda3/lib/python3.8/site-packages/airflow/example_dags/tutorial.py
[2022-06-30 21:02:37,188] {logging_mixin.py:115} INFO - [2022-06-30 21:02:37,187] {dag.py:2379} INFO - Sync 1 DAGs
[2022-06-30 21:02:37,202] {logging_mixin.py:115} INFO - [2022-06-30 21:02:37,202] {dag.py:2927} INFO - Setting next_dagrun for tutorial to 2022-06-30T01:02:37.202061+00:00, run_after=2022-07-01T01:02:37.202061+00:00
[2022-06-30 21:02:37,215] {processor.py:161} INFO - Processing /Users/danielschneider/opt/anaconda3/lib/python3.8/site-packages/airflow/example_dags/tutorial.py took 0.092 seconds
[2022-06-30 21:15:00,278] {processor.py:153} INFO - Started process (PID=86555) to work on /Users/danielschneider/opt/anaconda3/lib/python3.8/site-packages/airflow/example_dags/tutorial.py
[2022-06-30 21:15:00,279] {processor.py:641} INFO - Processing file /Users/danielschneider/opt/anaconda3/lib/python3.8/site-packages/airflow/example_dags/tutorial.py for tasks to queue
[2022-06-30 21:15:00,279] {logging_mixin.py:115} INFO - [2022-06-30 21:15:00,279] {dagbag.py:507} INFO - Filling up the DagBag from /Users/danielschneider/opt/anaconda3/lib/python3.8/site-packages/airflow/example_dags/tutorial.py
[2022-06-30 21:15:00,296] {processor.py:651} INFO - DAG(s) dict_keys(['tutorial']) retrieved from /Users/danielschneider/opt/anaconda3/lib/python3.8/site-packages/airflow/example_dags/tutorial.py
[2022-06-30 21:15:00,995] {logging_mixin.py:115} INFO - [2022-06-30 21:15:00,995] {dag.py:2379} INFO - Sync 1 DAGs
[2022-06-30 21:15:00,999] {logging_mixin.py:115} INFO - [2022-06-30 21:15:00,999] {dag.py:2398} INFO - Creating ORM DAG for tutorial
[2022-06-30 21:15:01,022] {logging_mixin.py:115} INFO - [2022-06-30 21:15:01,022] {dag.py:2927} INFO - Setting next_dagrun for tutorial to 2022-06-30T01:15:01.021061+00:00, run_after=2022-07-01T01:15:01.021061+00:00
[2022-06-30 21:15:01,035] {processor.py:161} INFO - Processing /Users/danielschneider/opt/anaconda3/lib/python3.8/site-packages/airflow/example_dags/tutorial.py took 0.757 seconds
[2022-06-30 21:24:32,810] {processor.py:153} INFO - Started process (PID=95509) to work on /Users/danielschneider/opt/anaconda3/lib/python3.8/site-packages/airflow/example_dags/tutorial.py
[2022-06-30 21:24:32,811] {processor.py:641} INFO - Processing file /Users/danielschneider/opt/anaconda3/lib/python3.8/site-packages/airflow/example_dags/tutorial.py for tasks to queue
[2022-06-30 21:24:32,812] {logging_mixin.py:115} INFO - [2022-06-30 21:24:32,812] {dagbag.py:507} INFO - Filling up the DagBag from /Users/danielschneider/opt/anaconda3/lib/python3.8/site-packages/airflow/example_dags/tutorial.py
[2022-06-30 21:24:32,821] {processor.py:651} INFO - DAG(s) dict_keys(['tutorial']) retrieved from /Users/danielschneider/opt/anaconda3/lib/python3.8/site-packages/airflow/example_dags/tutorial.py
[2022-06-30 21:24:32,877] {logging_mixin.py:115} INFO - [2022-06-30 21:24:32,877] {dag.py:2379} INFO - Sync 1 DAGs
[2022-06-30 21:24:32,886] {logging_mixin.py:115} INFO - [2022-06-30 21:24:32,886] {dag.py:2927} INFO - Setting next_dagrun for tutorial to 2022-06-30T01:24:32.886367+00:00, run_after=2022-07-01T01:24:32.886367+00:00
[2022-06-30 21:24:32,894] {processor.py:161} INFO - Processing /Users/danielschneider/opt/anaconda3/lib/python3.8/site-packages/airflow/example_dags/tutorial.py took 0.084 seconds
